[06:00:16] [ServerMain/INFO]: [bootstrap] Running Java 25 (OpenJDK 64-Bit Server VM 25.0.2+10-LTS; Microsoft Microsoft-13053558) on Linux 6.8.0-1052-azure (amd64)
[06:00:16] [ServerMain/INFO]: [bootstrap] Loading Paper 1.21.1-133-ver/1.21.1@3cb8529 (2025-03-28T16:14:36Z) for Minecraft 1.21.1
[06:00:17] [ServerMain/INFO]: [PluginInitializerManager] Initializing plugins...
[06:00:20] [ServerMain/INFO]: [FileProviderSource] The spark plugin will not be loaded as this server bundles the spark profiler.
[06:00:20] [ServerMain/INFO]: [PluginInitializerManager] Initialized 9 plugins
[06:00:20] [ServerMain/INFO]: [PluginInitializerManager] Paper plugins (1):
 - RoseStacker (1.5.41)
[06:00:20] [ServerMain/INFO]: [PluginInitializerManager] Bukkit plugins (8):
 - Chunky (1.4.40), CommandBlocker (1.7.2), TPA (2.2.2), TuffXPlus (1.0.0), UltimateHomes (3.1), ViaBackwards (5.10.0), ViaRewind (4.1.2), ViaVersion (5.10.0)
[06:00:27] [ServerMain/INFO]: Environment: Environment[sessionHost=https://sessionserver.mojang.com, servicesHost=https://api.minecraftservices.com, name=PROD]
[06:00:30] [ServerMain/INFO]: Loaded 1290 recipes
[06:00:31] [ServerMain/INFO]: Loaded 1399 advancements
[06:00:31] [Server thread/INFO]: Starting minecraft server version 1.21.1
[06:00:31] [Server thread/INFO]: Loading properties
[06:00:31] [Server thread/INFO]: This server is running Paper version 1.21.1-133-ver/1.21.1@3cb8529 (2025-03-28T16:14:36Z) (Implementing API version 1.21.1-R0.1-SNAPSHOT)
[06:00:32] [Server thread/INFO]: [spark] This server bundles the spark profiler. For more information please visit https://docs.papermc.io/paper/profiling
[06:00:32] [Server thread/INFO]: Server Ping Player Sample Count: 12
[06:00:32] [Server thread/INFO]: Using 4 threads for Netty based IO
[06:00:33] [Server thread/INFO]: [ChunkTaskScheduler] Chunk system is using 1 I/O threads, 1 worker threads, and population gen parallelism of 1 threads
[06:00:34] [Server thread/INFO]: Default game type: SURVIVAL
[06:00:34] [Server thread/INFO]: Generating keypair
[06:00:34] [Server thread/INFO]: Starting Minecraft server on *:25565
[06:00:34] [Server thread/INFO]: Using epoll channel type
[06:00:34] [Server thread/INFO]: Paper: Using libdeflate (Linux x86_64) compression from Velocity.
[06:00:34] [Server thread/INFO]: Paper: Using OpenSSL 3.x.x (Linux x86_64) cipher from Velocity.
[06:00:36] [Server thread/WARN]: [org.bukkit.craftbukkit.legacy.CraftLegacy] Initializing Legacy Material Support. Unless you have legacy plugins and/or data this is a bug!
[06:00:45] [Server thread/WARN]: Legacy plugin TPA v2.2.2 does not specify an api-version.
[06:00:45] [Server thread/INFO]: [ViaVersion] Loading server plugin ViaVersion v5.10.0
[06:00:45] [Server thread/INFO]: [ViaVersion] ViaVersion 5.10.0 is now loaded. Registering protocol transformers and injecting...
[06:00:46] [Via-Mappingloader-1/INFO]: [ViaVersion] Loading block connection mappings ...
[06:00:47] [Server thread/INFO]: [ViaBackwards] Loading translations...
[06:00:47] [Server thread/INFO]: [ViaBackwards] Registering protocols...
[06:00:49] [Server thread/INFO]: [ViaRewind] Registering protocols...
[06:00:49] [Server thread/INFO]: [ViaBackwards] Loading server plugin ViaBackwards v5.10.0
[06:00:49] [Server thread/INFO]: [CommandBlocker] Loading server plugin CommandBlocker v1.7.2
[06:00:49] [Server thread/INFO]: [Chunky] Loading server plugin Chunky v1.4.40
[06:00:49] [Server thread/INFO]: [TPA] Loading server plugin TPA v2.2.2
[06:00:49] [Server thread/INFO]: [ViaRewind] Loading server plugin ViaRewind v4.1.2
[06:00:49] [Server thread/INFO]: [RoseStacker] Loading server plugin RoseStacker v1.5.41
[06:00:49] [Server thread/INFO]: [RoseStacker] Initializing using RoseGarden v1.5.6
[06:00:49] [Server thread/INFO]: [TuffXPlus] Loading server plugin TuffXPlus v1.0.0
[06:00:50] [Server thread/INFO]: [UltimateHomes] Loading server plugin UltimateHomes v3.1
[06:00:50] [Server thread/INFO]: Server permissions file permissions.yml is empty, ignoring it
[06:00:50] [Server thread/INFO]: [ViaRewind] Enabling ViaRewind v4.1.2
[06:00:50] [Server thread/INFO]: Preparing level "world"
[06:00:51] [Server thread/INFO]: Preparing start region for dimension minecraft:overworld
[06:00:54] [Server thread/INFO]: Time elapsed: 2810 ms
[06:00:54] [Server thread/INFO]: Preparing start region for dimension minecraft:the_nether
[06:00:54] [Server thread/INFO]: Time elapsed: 276 ms
[06:00:54] [Server thread/INFO]: Preparing start region for dimension minecraft:the_end
[06:00:54] [Server thread/INFO]: Time elapsed: 269 ms
[06:00:54] [Server thread/INFO]: [ViaVersion] Enabling ViaVersion v5.10.0
[06:00:54] [Server thread/INFO]: [ViaVersion] ViaVersion detected server version: 1.21-1.21.1 (767)
[06:00:54] [Server thread/INFO]: [ViaBackwards] Enabling ViaBackwards v5.10.0
[06:00:55] [Server thread/INFO]: [CommandBlocker] Enabling CommandBlocker v1.7.2
[06:00:55] [Server thread/INFO]: [Chunky] Enabling Chunky v1.4.40
[06:00:55] [Server thread/INFO]: [TPA] Enabling TPA v2.2.2*
[06:00:55] [Server thread/INFO]: [RoseStacker] Enabling RoseStacker v1.5.41
[06:00:56] [Server thread/INFO]: [RoseStacker] Ignored loading stack settings for unknown entities: [CAMEL_HUSK, COPPER_GOLEM, CREAKING, HAPPY_GHAST, MANNEQUIN, NAUTILUS, PARCHED, ZOMBIE_NAUTILUS]
[06:00:57] [Server thread/INFO]: [TuffXPlus] Enabling TuffXPlus v1.0.0
[06:00:57] [Server thread/INFO]: [TuffXPlus] [Y0] Server Minecraft Version: 1.21.1
[06:00:57] [Server thread/INFO]: [TuffXPlus] [TuffActions] TuffActions has been enabled
[06:00:57] [Server thread/INFO]: [TuffXPlus] [TuffActions] Enabling features...
[06:00:57] [Server thread/INFO]: [TuffXPlus] [TuffActions] Swimming enabled.
[06:00:57] [Server thread/INFO]: [TuffXPlus] [TuffActions] Creative items enabled.
[06:00:58] [Server thread/INFO]: [TuffXPlus] [TuffActions] Successfully loaded 1326 creative tab mappings.
[06:00:58] [Server thread/INFO]: [TuffXPlus] [TuffActions] Finished enabling features.
[06:00:58] [Server thread/INFO]: [TuffXPlus] [ViaBlocks] Generating ViaBlocks Pre-Defined Palette...
[06:00:58] [Server thread/INFO]: [TuffXPlus] [ViaBlocks] Palette initialized with 576 entries.
[06:00:58] [Server thread/INFO]: [TuffXPlus] [ViaBlocks] Paper detected. Enabling optimized asynchronous scheduling.
[06:00:58] [Server thread/INFO]: [TuffXPlus] [ViaBlocks] ViaBlocks has been enabled successfully and is listening for client handshakes.
[06:00:58] [Server thread/INFO]: [TuffXPlus] [ViaEntities] ViaEntities enabled with 43 modern entities
[06:00:58] [Server thread/INFO]: [TuffXPlus] 
[06:00:58] [Server thread/INFO]: [TuffXPlus] ████████╗██╗   ██╗███████╗ ███████╗ ██╗  ██╗
[06:00:58] [Server thread/INFO]: [TuffXPlus] ╚══██╔══╝██║   ██║██╔════╝ ██╔════╝ ╚██╗██╔╝
[06:00:58] [Server thread/INFO]: [TuffXPlus]    ██║   ██║   ██║██████╗  ██████╗   ╚███╔╝ 
[06:00:58] [Server thread/INFO]: [TuffXPlus]    ██║   ██║   ██║██╔═══╝  ██╔═══╝   ██╔██╗ 
[06:00:58] [Server thread/INFO]: [TuffXPlus]    ██║   ╚██████╔╝██║      ██║      ██╔╝╚██╗
[06:00:58] [Server thread/INFO]: [TuffXPlus]    ╚═╝    ╚═════╝ ╚═╝      ╚═╝      ╚═╝  ╚═╝
[06:00:58] [Server thread/INFO]: [TuffXPlus] 
[06:00:58] [Server thread/INFO]: [TuffXPlus] CREDITS
[06:00:58] [Server thread/INFO]: [TuffXPlus] 
[06:00:58] [Server thread/INFO]: [TuffXPlus] Y0 support:
[06:00:58] [Server thread/INFO]: [TuffXPlus] • Below y0 (client + plugin) programmed by Potato (@justatypicalpotato)
[06:00:58] [Server thread/INFO]: [TuffXPlus] • llucasandersen - plugin optimizations
[06:00:58] [Server thread/INFO]: [TuffXPlus] 
[06:00:58] [Server thread/INFO]: [TuffXPlus] ViaBlocks:
[06:00:58] [Server thread/INFO]: [TuffXPlus] • ViaBlocks partial plugin and client rewrite by Potato
[06:00:58] [Server thread/INFO]: [TuffXPlus] • llucasandersen (Complex client models and texture fixes,
[06:00:58] [Server thread/INFO]: [TuffXPlus]       optimizations, PacketEvents migration and async safety fixes)
[06:00:58] [Server thread/INFO]: [TuffXPlus] • coleis1op, if ts is driving me crazy, im taking credit
[06:00:58] [Server thread/INFO]: [TuffXPlus] 
[06:00:58] [Server thread/INFO]: [TuffXPlus] Other:
[06:00:58] [Server thread/INFO]: [TuffXPlus] • Swimming and creative items programmed by Potato (@justatypicalpotato)
[06:00:58] [Server thread/INFO]: [TuffXPlus] • shaded build, 1.14+ support (before merge) - llucasandersen
[06:00:58] [Server thread/INFO]: [TuffXPlus] • Restrictions - UplandJacob
[06:00:58] [Server thread/INFO]: [TuffXPlus] • Overall plugin merges by Potato
[06:00:58] [Server thread/INFO]: [UltimateHomes] Enabling UltimateHomes v3.1
[06:00:58] [Server thread/INFO]: 
[06:00:58] [Server thread/INFO]: --------------------------------------
[06:00:58] [Server thread/INFO]:        UltimateHomes by kixmc
[06:00:58] [Server thread/INFO]:        Enabled on version 3.1
[06:00:58] [Server thread/INFO]: --------------------------------------
[06:00:58] [Server thread/INFO]:  
[06:00:58] [Server thread/INFO]: [spark] Starting background profiler...
[06:00:58] [Server thread/INFO]: Done preparing level "world" (8.050s)
[06:00:58] [Server thread/INFO]: Running delayed init tasks
[06:00:58] [Server thread/INFO]: [TuffXPlus] [Y0] Loading mappings from 1.21.1-mappings.json
[06:00:58] [Craft Scheduler Thread - 2 - ViaVersion/INFO]: [ViaVersion] Finished mapping loading, shutting down loader executor.
[06:00:59] [Craft Scheduler Thread - 1 - RoseStacker/INFO]: [RoseStacker] Fetched 138 translation locales.
[06:00:59] [Server thread/INFO]: [TuffXPlus] [Y0] Loaded 26684 legacy mappings.
[06:00:59] [Server thread/INFO]: Done (44.291s)! For help, type "help"
[06:00:59] [Server thread/INFO]: Timings Reset
[06:02:11] [Server thread/INFO]: CONSOLE: Please note that this command is not supported and may cause issues when using some plugins.
[06:02:11] [Server thread/INFO]: CONSOLE: If you encounter any issues please use the /stop command to restart your server.
[06:02:11] [Server thread/INFO]: Server Ping Player Sample Count: 12
[06:02:11] [Server thread/INFO]: Using 4 threads for Netty based IO
[06:02:11] [Server thread/INFO]: [UltimateHomes] Disabling UltimateHomes v3.1
[06:02:11] [Server thread/INFO]: [TuffXPlus] Disabling TuffXPlus v1.0.0
[06:02:11] [Server thread/INFO]: [TuffXPlus] [ViaBlocks] ViaBlocks has been disabled.
[06:02:11] [Server thread/INFO]: [RoseStacker] Disabling RoseStacker v1.5.41
[06:02:11] [Server thread/INFO]: [ViaRewind] Disabling ViaRewind v4.1.2
[06:02:11] [Server thread/INFO]: [TPA] Disabling TPA v2.2.2
[06:02:11] [Server thread/INFO]: [Chunky] Disabling Chunky v1.4.40
[06:02:11] [Server thread/INFO]: [CommandBlocker] Disabling CommandBlocker v1.7.2
[06:02:11] [Server thread/INFO]: [ViaBackwards] Disabling ViaBackwards v5.10.0
[06:02:11] [Server thread/INFO]: [ViaVersion] Disabling ViaVersion v5.10.0
[06:02:11] [Server thread/INFO]: [ViaVersion] ViaVersion is disabling. If this is a reload and you experience issues, please reboot instead.
[06:02:11] [Server thread/INFO]: [ViaVersion] ViaVersion has been disabled; uninjected the platform and shut down the scheduler.
[06:02:12] [Server thread/INFO]: Loaded 1290 recipes
[06:02:12] [Server thread/INFO]: Loaded 1399 advancements
[06:02:12] [Server thread/INFO]: [PluginInitializerManager] Initializing plugins...
[06:02:12] [Server thread/INFO]: [FileProviderSource] The spark plugin will not be loaded as this server bundles the spark profiler.
[06:02:12] [Server thread/INFO]: [PluginInitializerManager] Initialized 9 plugins
[06:02:12] [Server thread/INFO]: [PluginInitializerManager] Paper plugins (1):
 - RoseStacker (1.5.41)
[06:02:12] [Server thread/INFO]: [PluginInitializerManager] Bukkit plugins (8):
 - Chunky (1.4.40), CommandBlocker (1.7.2), TPA (2.2.2), TuffXPlus (1.0.0), UltimateHomes (3.1), ViaBackwards (5.10.0), ViaRewind (4.1.2), ViaVersion (5.10.0)
[06:02:12] [Server thread/WARN]: [PluginInitializerManager] ======== WARNING ========
[06:02:12] [Server thread/WARN]: [PluginInitializerManager] You are reloading while having Paper plugins installed on your server.
[06:02:12] [Server thread/WARN]: [PluginInitializerManager] Paper plugins do NOT support being reloaded. This will cause some unexpected issues.
[06:02:12] [Server thread/WARN]: [PluginInitializerManager] =========================
[06:02:13] [Server thread/WARN]: Legacy plugin TPA v2.2.2 does not specify an api-version.
[06:02:13] [Server thread/INFO]: [ViaVersion] Loading server plugin ViaVersion v5.10.0
[06:02:13] [Server thread/INFO]: [ViaVersion] ViaVersion 5.10.0 is now loaded. Registering protocol transformers and injecting...
[06:02:13] [Server thread/ERROR]: [ViaVersion] ViaVersion is already loaded, this should work fine. If you get any console errors, try rebooting.
[06:02:14] [Via-Mappingloader-1/INFO]: [ViaVersion] Loading block connection mappings ...
[06:02:14] [Server thread/INFO]: [ViaBackwards] Loading translations...
[06:02:15] [Server thread/INFO]: [ViaBackwards] Registering protocols...
[06:02:15] [Server thread/INFO]: [ViaRewind] Registering protocols...
[06:02:15] [Server thread/INFO]: [ViaBackwards] Loading server plugin ViaBackwards v5.10.0
[06:02:15] [Server thread/INFO]: [CommandBlocker] Loading server plugin CommandBlocker v1.7.2
[06:02:15] [Server thread/INFO]: [Chunky] Loading server plugin Chunky v1.4.40
[06:02:15] [Server thread/INFO]: [TPA] Loading server plugin TPA v2.2.2
[06:02:15] [Server thread/INFO]: [ViaRewind] Loading server plugin ViaRewind v4.1.2
[06:02:15] [Server thread/INFO]: [RoseStacker] Loading server plugin RoseStacker v1.5.41
[06:02:15] [Server thread/INFO]: [RoseStacker] Initializing using RoseGarden v1.5.6
[06:02:15] [Server thread/INFO]: [TuffXPlus] Loading server plugin TuffXPlus v1.0.0
[06:02:16] [Server thread/INFO]: [UltimateHomes] Loading server plugin UltimateHomes v3.1
[06:02:16] [Server thread/INFO]: Server permissions file permissions.yml is empty, ignoring it
[06:02:16] [Server thread/INFO]: [ViaRewind] Enabling ViaRewind v4.1.2
[06:02:16] [Server thread/INFO]: [ViaVersion] Enabling ViaVersion v5.10.0
[06:02:16] [Server thread/INFO]: [ViaVersion] ViaVersion detected server version: 1.21-1.21.1 (767)
[06:02:16] [Server thread/INFO]: [ViaBackwards] Enabling ViaBackwards v5.10.0
[06:02:16] [Server thread/INFO]: [CommandBlocker] Enabling CommandBlocker v1.7.2
[06:02:16] [Server thread/INFO]: [Chunky] Enabling Chunky v1.4.40
[06:02:16] [Server thread/INFO]: [TPA] Enabling TPA v2.2.2*
[06:02:16] [Server thread/INFO]: [RoseStacker] Enabling RoseStacker v1.5.41
[06:02:17] [Server thread/INFO]: [RoseStacker] Ignored loading stack settings for unknown entities: [CAMEL_HUSK, COPPER_GOLEM, CREAKING, HAPPY_GHAST, MANNEQUIN, NAUTILUS, PARCHED, ZOMBIE_NAUTILUS]
[06:02:17] [Server thread/INFO]: [TuffXPlus] Enabling TuffXPlus v1.0.0
[06:02:17] [Server thread/INFO]: [TuffXPlus] [Y0] Server Minecraft Version: 1.21.1
[06:02:17] [Server thread/INFO]: [TuffXPlus] [TuffActions] TuffActions has been enabled
[06:02:17] [Server thread/INFO]: [TuffXPlus] [TuffActions] Enabling features...
[06:02:17] [Server thread/INFO]: [TuffXPlus] [TuffActions] Swimming enabled.
[06:02:17] [Server thread/INFO]: [TuffXPlus] [TuffActions] Creative items enabled.
[06:02:17] [Server thread/INFO]: [TuffXPlus] [TuffActions] Successfully loaded 1326 creative tab mappings.
[06:02:17] [Server thread/INFO]: [TuffXPlus] [TuffActions] Finished enabling features.
[06:02:17] [Server thread/INFO]: [TuffXPlus] [ViaBlocks] Generating ViaBlocks Pre-Defined Palette...
[06:02:17] [Server thread/INFO]: [TuffXPlus] [ViaBlocks] Palette initialized with 576 entries.
[06:02:17] [Server thread/INFO]: [TuffXPlus] [ViaBlocks] Paper detected. Enabling optimized asynchronous scheduling.
[06:02:17] [Server thread/INFO]: [TuffXPlus] [ViaBlocks] ViaBlocks has been enabled successfully and is listening for client handshakes.
[06:02:17] [Server thread/INFO]: [TuffXPlus] [ViaEntities] ViaEntities enabled with 43 modern entities
[06:02:17] [Server thread/INFO]: [TuffXPlus] 
[06:02:17] [Server thread/INFO]: [TuffXPlus] ████████╗██╗   ██╗███████╗ ███████╗ ██╗  ██╗
[06:02:17] [Server thread/INFO]: [TuffXPlus] ╚══██╔══╝██║   ██║██╔════╝ ██╔════╝ ╚██╗██╔╝
[06:02:17] [Server thread/INFO]: [TuffXPlus]    ██║   ██║   ██║██████╗  ██████╗   ╚███╔╝ 
[06:02:17] [Server thread/INFO]: [TuffXPlus]    ██║   ██║   ██║██╔═══╝  ██╔═══╝   ██╔██╗ 
[06:02:17] [Server thread/INFO]: [TuffXPlus]    ██║   ╚██████╔╝██║      ██║      ██╔╝╚██╗
[06:02:17] [Server thread/INFO]: [TuffXPlus]    ╚═╝    ╚═════╝ ╚═╝      ╚═╝      ╚═╝  ╚═╝
[06:02:17] [Server thread/INFO]: [TuffXPlus] 
[06:02:17] [Server thread/INFO]: [TuffXPlus] CREDITS
[06:02:17] [Server thread/INFO]: [TuffXPlus] 
[06:02:17] [Server thread/INFO]: [TuffXPlus] Y0 support:
[06:02:17] [Server thread/INFO]: [TuffXPlus] • Below y0 (client + plugin) programmed by Potato (@justatypicalpotato)
[06:02:17] [Server thread/INFO]: [TuffXPlus] • llucasandersen - plugin optimizations
[06:02:17] [Server thread/INFO]: [TuffXPlus] 
[06:02:17] [Server thread/INFO]: [TuffXPlus] ViaBlocks:
[06:02:17] [Server thread/INFO]: [TuffXPlus] • ViaBlocks partial plugin and client rewrite by Potato
[06:02:17] [Server thread/INFO]: [TuffXPlus] • llucasandersen (Complex client models and texture fixes,
[06:02:17] [Server thread/INFO]: [TuffXPlus]       optimizations, PacketEvents migration and async safety fixes)
[06:02:17] [Server thread/INFO]: [TuffXPlus] • coleis1op, if ts is driving me crazy, im taking credit
[06:02:17] [Server thread/INFO]: [TuffXPlus] 
[06:02:17] [Server thread/INFO]: [TuffXPlus] Other:
[06:02:17] [Server thread/INFO]: [TuffXPlus] • Swimming and creative items programmed by Potato (@justatypicalpotato)
[06:02:17] [Server thread/INFO]: [TuffXPlus] • shaded build, 1.14+ support (before merge) - llucasandersen
[06:02:17] [Server thread/INFO]: [TuffXPlus] • Restrictions - UplandJacob
[06:02:17] [Server thread/INFO]: [TuffXPlus] • Overall plugin merges by Potato
[06:02:17] [Server thread/INFO]: [UltimateHomes] Enabling UltimateHomes v3.1
[06:02:17] [Server thread/INFO]: 
[06:02:17] [Server thread/INFO]: --------------------------------------
[06:02:17] [Server thread/INFO]:        UltimateHomes by kixmc
[06:02:17] [Server thread/INFO]:        Enabled on version 3.1
[06:02:17] [Server thread/INFO]: --------------------------------------
[06:02:17] [Server thread/INFO]:  
[06:02:18] [Server thread/INFO]: CONSOLE: Reload complete.
[06:02:18] [Server thread/WARN]: Can't keep up! Is the server overloaded? Running 6915ms or 138 ticks behind
[06:02:18] [Server thread/INFO]: Timings Reset
[06:02:18] [Craft Scheduler Thread - 10 - ViaVersion/INFO]: [ViaVersion] Finished mapping loading, shutting down loader executor.
[06:02:18] [Server thread/INFO]: [TuffXPlus] [Y0] Loading mappings from 1.21.1-mappings.json
[06:02:18] [Craft Scheduler Thread - 6 - RoseStacker/INFO]: [RoseStacker] Fetched 138 translation locales.
[06:02:18] [Server thread/INFO]: [TuffXPlus] [Y0] Loaded 26684 legacy mappings.
[06:02:21] [Server thread/INFO]: Unknown or incomplete command, see below for error
gamemode<--[HERE]
